This is ObjectTeX, Version 3.1415926-1.0 (TeX engine: Aspose.TeX 22.12) (preloaded format=objectlatex 2022.12.13)  6 jun 2023 10:58
entering extended mode
**
(
LaTeX2e <2011/06/27>
(article.cls
Document Class: article 2007/10/19 v1.4h Standard LaTeX document class
(size10.clo
File: size10.clo 2007/10/19 v1.4h Standard LaTeX file (size option)
)
\c@part=\count79
\c@section=\count80
\c@subsection=\count81
\c@subsubsection=\count82
\c@paragraph=\count83
\c@subparagraph=\count84
\c@figure=\count85
\c@table=\count86
\abovecaptionskip=\skip41
\belowcaptionskip=\skip42
\bibindent=\dimen102
) (graphicx.sty
Package: graphicx 1999/02/16 v1.0f Enhanced LaTeX Graphics (DPC,SPQR)
 (keyval.sty
Package: keyval 2014/10/28 v1.15 key=value parser (DPC)
\KV@toks@=\toks14
) (graphicso.sty
Package: graphics 2021/10/26 v1.0o Standard LaTeX Graphics (Aspose Pty Ltd.)
 (trig.sty
Package: trig 1999/03/16 v1.09 sin cos tan (DPC)
)
(graphicso.cfg
File: graphicso.cfg 2021/10/26 v1.0 graphics configuration of Object TeX (Aspos
e Pty Ltd.)
 4)
Package graphics Info: Driver file: objecttex.def on input line 82.
 (objecttex.def
File: objecttex.def 2021/07/30 v1.0 Graphics/color for Object TeX
 (infwarerr.sty
Package: infwarerr 2010/04/08 v1.3 Providing info/warning/error messages (HO)
) (ltxcmds.sty
Package: ltxcmds 2011/11/09 v1.22 LaTeX kernel commands for general use (HO)
)
\Gread@gobject=\count87
))
\Gin@req@height=\dimen103
\Gin@req@width=\dimen104
)
File not found: babel.sty. Ignored due to IgnoreMissingPackages option setting.
File not found: babel.sty. Ignored due to IgnoreMissingPackages option setting.
(babel.sty)

! LaTeX Error: Unknown option `brazilian' for package `babel'.

See the LaTeX manual or LaTeX Companion for explanation.
Type  H <return>  for immediate help.
 ...                                               
                                                   
l.4 \title
          {Avalia^^ef^^bf^^bd^^ef^^bf^^bdo}
The option `brazilian' was not declared in package `babel', perhaps you
misspelled its name. Try typing  <return>  to proceed.

(C:\Users\lucas\VSCodeProjects\TCC_Estácio_git\data\temp.aux)
LaTeX Font Info:    Checking defaults for OML/cmm/m/it on input line 8.
LaTeX Font Info:    ... okay on input line 8.
LaTeX Font Info:    Checking defaults for T1/cmr/m/n on input line 8.
LaTeX Font Info:    ... okay on input line 8.
LaTeX Font Info:    Checking defaults for OT1/cmr/m/n on input line 8.
LaTeX Font Info:    ... okay on input line 8.
LaTeX Font Info:    Checking defaults for OMS/cmsy/m/n on input line 8.
LaTeX Font Info:    ... okay on input line 8.
LaTeX Font Info:    Checking defaults for OMX/cmex/m/n on input line 8.
LaTeX Font Info:    ... okay on input line 8.
LaTeX Font Info:    Checking defaults for U/cmr/m/n on input line 8.
LaTeX Font Info:    ... okay on input line 8.
Missing character: There is no ^^ef in font cmr17!
Missing character: There is no ^^bf in font cmr17!
Missing character: There is no ^^bd in font cmr17!
Missing character: There is no ^^ef in font cmr17!
Missing character: There is no ^^bf in font cmr17!
Missing character: There is no ^^bd in font cmr17!
LaTeX Font Info:    External font `cmex10' loaded for size
(Font)              <12> on input line 10.
LaTeX Font Info:    External font `cmex10' loaded for size
(Font)              <8> on input line 10.
LaTeX Font Info:    External font `cmex10' loaded for size
(Font)              <6> on input line 10.
 [1

]
LaTeX Font Info:    External font `cmex10' loaded for size
(Font)              <7> on input line 17.
LaTeX Font Info:    External font `cmex10' loaded for size
(Font)              <5> on input line 17.
Missing character: There is no ^^ef in font cmr10!
Missing character: There is no ^^bf in font cmr10!
Missing character: There is no ^^bd in font cmr10!
Missing character: There is no ^^ef in font cmr10!
Missing character: There is no ^^bf in font cmr10!
Missing character: There is no ^^bd in font cmr10!
Missing character: There is no ^^ef in font cmr10!
Missing character: There is no ^^bf in font cmr10!
Missing character: There is no ^^bd in font cmr10!
Missing character: There is no ^^ef in font cmr10!
Missing character: There is no ^^bf in font cmr10!
Missing character: There is no ^^bd in font cmr10!
Missing character: There is no ^^ef in font cmr10!
Missing character: There is no ^^bf in font cmr10!
Missing character: There is no ^^bd in font cmr10!
Missing character: There is no ^^ef in font cmr10!
Missing character: There is no ^^bf in font cmr10!
Missing character: There is no ^^bd in font cmr10!
Missing character: There is no ^^ef in font cmr10!
Missing character: There is no ^^bf in font cmr10!
Missing character: There is no ^^bd in font cmr10!
Missing character: There is no ^^ef in font cmr10!
Missing character: There is no ^^bf in font cmr10!
Missing character: There is no ^^bd in font cmr10!
Missing character: There is no ^^ef in font cmr10!
Missing character: There is no ^^bf in font cmr10!
Missing character: There is no ^^bd in font cmr10!
Missing character: There is no ^^ef in font cmr10!
Missing character: There is no ^^bf in font cmr10!
Missing character: There is no ^^bd in font cmr10!
Missing character: There is no ^^ef in font cmr10!
Missing character: There is no ^^bf in font cmr10!
Missing character: There is no ^^bd in font cmr10!
Missing character: There is no ^^ef in font cmr10!
Missing character: There is no ^^bf in font cmr10!
Missing character: There is no ^^bd in font cmr10!
Missing character: There is no ^^ef in font cmr10!
Missing character: There is no ^^bf in font cmr10!
Missing character: There is no ^^bd in font cmr10!
Missing character: There is no ^^ef in font cmr10!
Missing character: There is no ^^bf in font cmr10!
Missing character: There is no ^^bd in font cmr10!
Missing character: There is no ^^ef in font cmr10!
Missing character: There is no ^^bf in font cmr10!
Missing character: There is no ^^bd in font cmr10!
 [2]
(C:\Users\lucas\VSCodeProjects\TCC_Estácio_git\data\temp.aux) ) 
Here is how much of TeX's memory you used:
  strings out of 
  string characters out of 
  words of memory out of 
 3843 multiletter control sequences out of 
  words of font info for 25 fonts, out of  for 75
 14 hyphenation exceptions out of 307
 27i, 6n, 19p, b, 232s stack positions out of 5000i, 40n, 200p, b, 6000s

Output written on object model (2 pages).
